2021-10-28 15:55:06 [restartedMain] WARN  o.s.b.d.autoconfigure.OptionalLiveReloadServer - Unable to start LiveReload server
2021-10-28 15:55:06 [restartedMain] WARN  o.s.b.a.t.ThymeleafAutoConfiguration$DefaultTemplateResolverConfiguration - Cannot find template location: classpath:/templates/ (please add some templates or check your Thymeleaf configuration)
2021-10-28 15:55:25 [http-nio-8888-exec-3] ERROR com.petty.commdity.controller.GoodsController - null
2021-10-28 15:55:30 [http-nio-8888-exec-5] ERROR com.petty.commdity.controller.GoodsController - null
2021-10-28 15:56:23 [http-nio-8888-exec-7] ERROR com.petty.commdity.controller.GoodsController - null
2021-10-28 15:57:18 [restartedMain-SendThread(127.0.0.1:2181)] WARN  org.apache.zookeeper.ClientCnxn - Client session timed out, have not heard from server in 54139ms for sessionid 0x10039d9130f0017
2021-10-28 15:57:18 [http-nio-8888-exec-8] ERROR com.petty.commdity.controller.GoodsController - null
2021-10-28 15:57:18 [HikariPool-1 housekeeper] WARN  com.zaxxer.hikari.pool.HikariPool - HikariPool-1 - Thread starvation or clock leap detected (housekeeper delta=54s141ms381µs700ns).
2021-10-28 15:57:19 [restartedMain-SendThread(127.0.0.1:2181)] WARN  org.apache.zookeeper.ClientCnxn - Unable to reconnect to ZooKeeper service, session 0x10039d9130f0017 has expired
2021-10-28 15:57:19 [restartedMain-EventThread] WARN  org.apache.curator.ConnectionState - Session expired event received
2021-10-28 15:57:37 [restartedMain] WARN  o.s.b.d.autoconfigure.OptionalLiveReloadServer - Unable to start LiveReload server
2021-10-28 15:57:37 [restartedMain] WARN  o.s.b.a.t.ThymeleafAutoConfiguration$DefaultTemplateResolverConfiguration - Cannot find template location: classpath:/templates/ (please add some templates or check your Thymeleaf configuration)
2021-10-28 16:12:57 [restartedMain] WARN  org.apache.tomcat.util.modeler.Registry - The MBean registry cannot be disabled because it has already been initialised
2021-10-28 16:12:58 [restartedMain] WARN  o.s.b.d.autoconfigure.OptionalLiveReloadServer - Unable to start LiveReload server
2021-10-28 16:12:58 [restartedMain] WARN  o.s.b.a.t.ThymeleafAutoConfiguration$DefaultTemplateResolverConfiguration - Cannot find template location: classpath:/templates/ (please add some templates or check your Thymeleaf configuration)
2021-10-28 16:14:51 [I/O dispatcher 4] WARN  org.elasticsearch.client.RestClient - request [GET http://localhost:9200/] returned 1 warnings: [299 Elasticsearch-7.14.0-dd5a0a2acaa2045ff9624f3729fc8a6f40835aa1 "Elasticsearch built-in security features are not enabled. Without authentication, your cluster could be accessible to anyone. See https://www.elastic.co/guide/en/elasticsearch/reference/7.14/security-minimal-setup.html to enable security."]
2021-10-28 16:14:52 [http-nio-8888-exec-2] WARN  org.elasticsearch.client.RestClient - request [POST http://localhost:9200/mail_goods/_search?typed_keys=true&max_concurrent_shard_requests=5&ignore_unavailable=false&expand_wildcards=open&allow_no_indices=true&ignore_throttled=true&search_type=query_then_fetch&batched_reduce_size=512] returned 1 warnings: [299 Elasticsearch-7.14.0-dd5a0a2acaa2045ff9624f3729fc8a6f40835aa1 "Elasticsearch built-in security features are not enabled. Without authentication, your cluster could be accessible to anyone. See https://www.elastic.co/guide/en/elasticsearch/reference/7.14/security-minimal-setup.html to enable security."]
2021-10-28 16:16:00 [Thread-2-SendThread(127.0.0.1:2181)] WARN  org.apache.zookeeper.ClientCnxn - Client session timed out, have not heard from server in 74421ms for sessionid 0x10039d9130f001b
2021-10-28 16:16:08 [Curator-Framework-0] ERROR org.apache.curator.ConnectionState - Connection timed out for connection string (127.0.0.1:2181) and timeout (5000) / elapsed (5514)
org.apache.curator.CuratorConnectionLossException: KeeperErrorCode = ConnectionLoss
	at org.apache.curator.ConnectionState.checkTimeouts(ConnectionState.java:225)
	at org.apache.curator.ConnectionState.getZooKeeper(ConnectionState.java:94)
	at org.apache.curator.CuratorZookeeperClient.getZooKeeper(CuratorZookeeperClient.java:117)
	at org.apache.curator.framework.imps.CuratorFrameworkImpl.performBackgroundOperation(CuratorFrameworkImpl.java:835)
	at org.apache.curator.framework.imps.CuratorFrameworkImpl.backgroundOperationsLoop(CuratorFrameworkImpl.java:809)
	at org.apache.curator.framework.imps.CuratorFrameworkImpl.access$300(CuratorFrameworkImpl.java:64)
	at org.apache.curator.framework.imps.CuratorFrameworkImpl$4.call(CuratorFrameworkImpl.java:267)
	at java.util.concurrent.FutureTask.run$$$capture(FutureTask.java:266)
	at java.util.concurrent.FutureTask.run(FutureTask.java)
	at java.util.concurrent.ScheduledThreadPoolExecutor$ScheduledFutureTask.access$201(ScheduledThreadPoolExecutor.java:180)
	at java.util.concurrent.ScheduledThreadPoolExecutor$ScheduledFutureTask.run(ScheduledThreadPoolExecutor.java:293)
	at java.util.concurrent.ThreadPoolExecutor.runWorker(ThreadPoolExecutor.java:1149)
	at java.util.concurrent.ThreadPoolExecutor$Worker.run(ThreadPoolExecutor.java:624)
	at java.lang.Thread.run(Thread.java:748)
2021-10-28 16:16:08 [Thread-2-SendThread(127.0.0.1:2181)] WARN  org.apache.zookeeper.ClientCnxn - Unable to reconnect to ZooKeeper service, session 0x10039d9130f001b has expired
2021-10-28 16:16:08 [Thread-2-EventThread] WARN  org.apache.curator.ConnectionState - Session expired event received
2021-10-28 16:52:43 [restartedMain] WARN  org.apache.tomcat.util.modeler.Registry - The MBean registry cannot be disabled because it has already been initialised
2021-10-28 16:52:44 [restartedMain] WARN  o.s.b.d.autoconfigure.OptionalLiveReloadServer - Unable to start LiveReload server
2021-10-28 16:52:44 [restartedMain] WARN  o.s.b.a.t.ThymeleafAutoConfiguration$DefaultTemplateResolverConfiguration - Cannot find template location: classpath:/templates/ (please add some templates or check your Thymeleaf configuration)
2021-10-28 16:52:44 [restartedMain] WARN  o.s.b.w.s.c.AnnotationConfigServletWebServerApplicationContext - Exception encountered during context initialization - cancelling refresh attempt: org.springframework.beans.factory.BeanCreationException: Error creating bean with name 'sqlSessionFactory' defined in class path resource [org/mybatis/spring/boot/autoconfigure/MybatisAutoConfiguration.class]: Bean instantiation via factory method failed; nested exception is org.springframework.beans.BeanInstantiationException: Failed to instantiate [org.apache.ibatis.session.SqlSessionFactory]: Factory method 'sqlSessionFactory' threw exception; nested exception is java.lang.NoClassDefFoundError: com/petty/commdity/params/GoodsParam
2021-10-28 16:52:44 [restartedMain] ERROR org.springframework.boot.SpringApplication - Application run failed
org.springframework.beans.factory.BeanCreationException: Error creating bean with name 'sqlSessionFactory' defined in class path resource [org/mybatis/spring/boot/autoconfigure/MybatisAutoConfiguration.class]: Bean instantiation via factory method failed; nested exception is org.springframework.beans.BeanInstantiationException: Failed to instantiate [org.apache.ibatis.session.SqlSessionFactory]: Factory method 'sqlSessionFactory' threw exception; nested exception is java.lang.NoClassDefFoundError: com/petty/commdity/params/GoodsParam
	at org.springframework.beans.factory.support.ConstructorResolver.instantiate(ConstructorResolver.java:645)
	at org.springframework.beans.factory.support.ConstructorResolver.instantiateUsingFactoryMethod(ConstructorResolver.java:625)
	at org.springframework.beans.factory.support.AbstractAutowireCapableBeanFactory.instantiateUsingFactoryMethod(AbstractAutowireCapableBeanFactory.java:1338)
	at org.springframework.beans.factory.support.AbstractAutowireCapableBeanFactory.createBeanInstance(AbstractAutowireCapableBeanFactory.java:1177)
	at org.springframework.beans.factory.support.AbstractAutowireCapableBeanFactory.doCreateBean(AbstractAutowireCapableBeanFactory.java:557)
	at org.springframework.beans.factory.support.AbstractAutowireCapableBeanFactory.createBean(AbstractAutowireCapableBeanFactory.java:517)
	at org.springframework.beans.factory.support.AbstractBeanFactory.lambda$doGetBean$0(AbstractBeanFactory.java:323)
	at org.springframework.beans.factory.support.DefaultSingletonBeanRegistry.getSingleton(DefaultSingletonBeanRegistry.java:222)
	at org.springframework.beans.factory.support.AbstractBeanFactory.doGetBean(AbstractBeanFactory.java:321)
	at org.springframework.beans.factory.support.AbstractBeanFactory.getBean(AbstractBeanFactory.java:202)
	at org.springframework.beans.factory.support.DefaultListableBeanFactory.preInstantiateSingletons(DefaultListableBeanFactory.java:879)
	at org.springframework.context.support.AbstractApplicationContext.finishBeanFactoryInitialization(AbstractApplicationContext.java:878)
	at org.springframework.context.support.AbstractApplicationContext.refresh(AbstractApplicationContext.java:550)
	at org.springframework.boot.web.servlet.context.ServletWebServerApplicationContext.refresh(ServletWebServerApplicationContext.java:141)
	at org.springframework.boot.SpringApplication.refresh(SpringApplication.java:747)
	at org.springframework.boot.SpringApplication.refreshContext(SpringApplication.java:397)
	at org.springframework.boot.SpringApplication.run(SpringApplication.java:315)
	at org.springframework.boot.SpringApplication.run(SpringApplication.java:1226)
	at org.springframework.boot.SpringApplication.run(SpringApplication.java:1215)
	at com.petty.commdity.CommdityApplication.main(CommdityApplication.java:11)
	at sun.reflect.NativeMethodAccessorImpl.invoke0(Native Method)
	at sun.reflect.NativeMethodAccessorImpl.invoke(NativeMethodAccessorImpl.java:62)
	at sun.reflect.DelegatingMethodAccessorImpl.invoke(DelegatingMethodAccessorImpl.java:43)
	at java.lang.reflect.Method.invoke(Method.java:498)
	at org.springframework.boot.devtools.restart.RestartLauncher.run(RestartLauncher.java:49)
Caused by: org.springframework.beans.BeanInstantiationException: Failed to instantiate [org.apache.ibatis.session.SqlSessionFactory]: Factory method 'sqlSessionFactory' threw exception; nested exception is java.lang.NoClassDefFoundError: com/petty/commdity/params/GoodsParam
	at org.springframework.beans.factory.support.SimpleInstantiationStrategy.instantiate(SimpleInstantiationStrategy.java:185)
	at org.springframework.beans.factory.support.ConstructorResolver.instantiate(ConstructorResolver.java:640)
	... 24 common frames omitted
Caused by: java.lang.NoClassDefFoundError: com/petty/commdity/params/GoodsParam
	at java.lang.Class.getDeclaredMethods0(Native Method)
	at java.lang.Class.privateGetDeclaredMethods(Class.java:2701)
	at java.lang.Class.privateGetPublicMethods(Class.java:2902)
	at java.lang.Class.getMethods(Class.java:1615)
	at org.apache.ibatis.builder.annotation.MapperAnnotationBuilder.parse(MapperAnnotationBuilder.java:129)
	at org.apache.ibatis.binding.MapperRegistry.addMapper(MapperRegistry.java:72)
	at org.apache.ibatis.session.Configuration.addMapper(Configuration.java:741)
	at org.apache.ibatis.builder.xml.XMLMapperBuilder.bindMapperForNamespace(XMLMapperBuilder.java:413)
	at org.apache.ibatis.builder.xml.XMLMapperBuilder.parse(XMLMapperBuilder.java:94)
	at org.mybatis.spring.SqlSessionFactoryBean.buildSqlSessionFactory(SqlSessionFactoryBean.java:611)
	at org.mybatis.spring.SqlSessionFactoryBean.afterPropertiesSet(SqlSessionFactoryBean.java:491)
	at org.mybatis.spring.SqlSessionFactoryBean.getObject(SqlSessionFactoryBean.java:633)
	at org.mybatis.spring.boot.autoconfigure.MybatisAutoConfiguration.sqlSessionFactory(MybatisAutoConfiguration.java:179)
	at org.mybatis.spring.boot.autoconfigure.MybatisAutoConfiguration$$EnhancerBySpringCGLIB$$5434b1f4.CGLIB$sqlSessionFactory$2(<generated>)
	at org.mybatis.spring.boot.autoconfigure.MybatisAutoConfiguration$$EnhancerBySpringCGLIB$$5434b1f4$$FastClassBySpringCGLIB$$695ec84b.invoke(<generated>)
	at org.springframework.cglib.proxy.MethodProxy.invokeSuper(MethodProxy.java:244)
	at org.springframework.context.annotation.ConfigurationClassEnhancer$BeanMethodInterceptor.intercept(ConfigurationClassEnhancer.java:363)
	at org.mybatis.spring.boot.autoconfigure.MybatisAutoConfiguration$$EnhancerBySpringCGLIB$$5434b1f4.sqlSessionFactory(<generated>)
	at sun.reflect.NativeMethodAccessorImpl.invoke0(Native Method)
	at sun.reflect.NativeMethodAccessorImpl.invoke(NativeMethodAccessorImpl.java:62)
	at sun.reflect.DelegatingMethodAccessorImpl.invoke(DelegatingMethodAccessorImpl.java:43)
	at java.lang.reflect.Method.invoke(Method.java:498)
	at org.springframework.beans.factory.support.SimpleInstantiationStrategy.instantiate(SimpleInstantiationStrategy.java:154)
	... 25 common frames omitted
Caused by: java.lang.ClassNotFoundException: com.petty.commdity.params.GoodsParam
	at java.net.URLClassLoader.findClass(URLClassLoader.java:382)
	at java.lang.ClassLoader.loadClass(ClassLoader.java:418)
	at sun.misc.Launcher$AppClassLoader.loadClass(Launcher.java:355)
	at java.lang.ClassLoader.loadClass(ClassLoader.java:351)
	at org.springframework.boot.devtools.restart.classloader.RestartClassLoader.loadClass(RestartClassLoader.java:144)
	at java.lang.ClassLoader.loadClass(ClassLoader.java:351)
	... 48 common frames omitted
2021-10-28 16:52:48 [restartedMain] WARN  org.apache.tomcat.util.modeler.Registry - The MBean registry cannot be disabled because it has already been initialised
2021-10-28 16:52:48 [restartedMain] WARN  o.s.b.w.s.c.AnnotationConfigServletWebServerApplicationContext - Exception encountered during context initialization - cancelling refresh attempt: org.springframework.beans.factory.UnsatisfiedDependencyException: Error creating bean with name 'goodsController': Unsatisfied dependency expressed through field 'goodsService'; nested exception is org.springframework.beans.factory.NoSuchBeanDefinitionException: No qualifying bean of type 'com.petty.commdity.service.GoodsService' available: expected at least 1 bean which qualifies as autowire candidate. Dependency annotations: {@org.springframework.beans.factory.annotation.Autowired(required=true)}
2021-10-28 16:52:49 [restartedMain] ERROR o.s.b.diagnostics.LoggingFailureAnalysisReporter - 

***************************
APPLICATION FAILED TO START
***************************

Description:

Field goodsService in com.petty.commdity.controller.GoodsController required a bean of type 'com.petty.commdity.service.GoodsService' that could not be found.

The injection point has the following annotations:
	- @org.springframework.beans.factory.annotation.Autowired(required=true)


Action:

Consider defining a bean of type 'com.petty.commdity.service.GoodsService' in your configuration.

2021-10-28 16:53:07 [restartedMain] WARN  org.apache.tomcat.util.modeler.Registry - The MBean registry cannot be disabled because it has already been initialised
2021-10-28 16:53:07 [restartedMain] WARN  o.s.b.d.autoconfigure.OptionalLiveReloadServer - Unable to start LiveReload server
2021-10-28 16:53:07 [restartedMain] WARN  o.s.b.a.t.ThymeleafAutoConfiguration$DefaultTemplateResolverConfiguration - Cannot find template location: classpath:/templates/ (please add some templates or check your Thymeleaf configuration)
2021-10-28 16:53:10 [restartedMain] WARN  org.apache.tomcat.util.modeler.Registry - The MBean registry cannot be disabled because it has already been initialised
2021-10-28 16:53:11 [restartedMain] WARN  o.s.b.d.autoconfigure.OptionalLiveReloadServer - Unable to start LiveReload server
2021-10-28 16:53:11 [restartedMain] WARN  o.s.b.a.t.ThymeleafAutoConfiguration$DefaultTemplateResolverConfiguration - Cannot find template location: classpath:/templates/ (please add some templates or check your Thymeleaf configuration)
2021-10-28 16:54:40 [I/O dispatcher 10] WARN  org.elasticsearch.client.RestClient - request [GET http://localhost:9200/] returned 1 warnings: [299 Elasticsearch-7.14.0-dd5a0a2acaa2045ff9624f3729fc8a6f40835aa1 "Elasticsearch built-in security features are not enabled. Without authentication, your cluster could be accessible to anyone. See https://www.elastic.co/guide/en/elasticsearch/reference/7.14/security-minimal-setup.html to enable security."]
2021-10-28 16:54:40 [http-nio-8888-exec-9] WARN  org.elasticsearch.client.RestClient - request [POST http://localhost:9200/mail_goods/_search?typed_keys=true&max_concurrent_shard_requests=5&ignore_unavailable=false&expand_wildcards=open&allow_no_indices=true&ignore_throttled=true&search_type=query_then_fetch&batched_reduce_size=512] returned 1 warnings: [299 Elasticsearch-7.14.0-dd5a0a2acaa2045ff9624f3729fc8a6f40835aa1 "Elasticsearch built-in security features are not enabled. Without authentication, your cluster could be accessible to anyone. See https://www.elastic.co/guide/en/elasticsearch/reference/7.14/security-minimal-setup.html to enable security."]
2021-10-28 16:55:17 [http-nio-8888-exec-2] WARN  org.elasticsearch.client.RestClient - request [POST http://localhost:9200/mail_goods/_search?typed_keys=true&max_concurrent_shard_requests=5&ignore_unavailable=false&expand_wildcards=open&allow_no_indices=true&ignore_throttled=true&search_type=query_then_fetch&batched_reduce_size=512] returned 1 warnings: [299 Elasticsearch-7.14.0-dd5a0a2acaa2045ff9624f3729fc8a6f40835aa1 "Elasticsearch built-in security features are not enabled. Without authentication, your cluster could be accessible to anyone. See https://www.elastic.co/guide/en/elasticsearch/reference/7.14/security-minimal-setup.html to enable security."]
2021-10-28 16:55:31 [http-nio-8888-exec-1] WARN  org.elasticsearch.client.RestClient - request [POST http://localhost:9200/mail_goods/_search?typed_keys=true&max_concurrent_shard_requests=5&ignore_unavailable=false&expand_wildcards=open&allow_no_indices=true&ignore_throttled=true&search_type=query_then_fetch&batched_reduce_size=512] returned 1 warnings: [299 Elasticsearch-7.14.0-dd5a0a2acaa2045ff9624f3729fc8a6f40835aa1 "Elasticsearch built-in security features are not enabled. Without authentication, your cluster could be accessible to anyone. See https://www.elastic.co/guide/en/elasticsearch/reference/7.14/security-minimal-setup.html to enable security."]
2021-10-28 17:09:13 [restartedMain] WARN  org.apache.tomcat.util.modeler.Registry - The MBean registry cannot be disabled because it has already been initialised
2021-10-28 17:09:14 [restartedMain] WARN  o.s.b.d.autoconfigure.OptionalLiveReloadServer - Unable to start LiveReload server
2021-10-28 17:09:14 [restartedMain] WARN  o.s.b.a.t.ThymeleafAutoConfiguration$DefaultTemplateResolverConfiguration - Cannot find template location: classpath:/templates/ (please add some templates or check your Thymeleaf configuration)
2021-10-28 17:10:17 [restartedMain] WARN  o.s.b.d.autoconfigure.OptionalLiveReloadServer - Unable to start LiveReload server
2021-10-28 17:10:17 [restartedMain] WARN  o.s.b.a.t.ThymeleafAutoConfiguration$DefaultTemplateResolverConfiguration - Cannot find template location: classpath:/templates/ (please add some templates or check your Thymeleaf configuration)
2021-10-28 17:12:16 [restartedMain] WARN  org.apache.tomcat.util.modeler.Registry - The MBean registry cannot be disabled because it has already been initialised
2021-10-28 17:12:16 [restartedMain] WARN  o.s.b.d.autoconfigure.OptionalLiveReloadServer - Unable to start LiveReload server
2021-10-28 17:12:16 [restartedMain] WARN  o.s.b.a.t.ThymeleafAutoConfiguration$DefaultTemplateResolverConfiguration - Cannot find template location: classpath:/templates/ (please add some templates or check your Thymeleaf configuration)
2021-10-28 17:12:38 [restartedMain] WARN  o.s.b.d.autoconfigure.OptionalLiveReloadServer - Unable to start LiveReload server
2021-10-28 17:12:39 [restartedMain] WARN  o.s.b.a.t.ThymeleafAutoConfiguration$DefaultTemplateResolverConfiguration - Cannot find template location: classpath:/templates/ (please add some templates or check your Thymeleaf configuration)
2021-10-28 17:13:30 [I/O dispatcher 1] WARN  org.elasticsearch.client.RestClient - request [GET http://localhost:9200/] returned 1 warnings: [299 Elasticsearch-7.14.0-dd5a0a2acaa2045ff9624f3729fc8a6f40835aa1 "Elasticsearch built-in security features are not enabled. Without authentication, your cluster could be accessible to anyone. See https://www.elastic.co/guide/en/elasticsearch/reference/7.14/security-minimal-setup.html to enable security."]
2021-10-28 17:13:30 [http-nio-8888-exec-3] WARN  org.elasticsearch.client.RestClient - request [POST http://localhost:9200/mail_goods/_search?typed_keys=true&max_concurrent_shard_requests=5&ignore_unavailable=false&expand_wildcards=open&allow_no_indices=true&ignore_throttled=true&search_type=query_then_fetch&batched_reduce_size=512] returned 1 warnings: [299 Elasticsearch-7.14.0-dd5a0a2acaa2045ff9624f3729fc8a6f40835aa1 "Elasticsearch built-in security features are not enabled. Without authentication, your cluster could be accessible to anyone. See https://www.elastic.co/guide/en/elasticsearch/reference/7.14/security-minimal-setup.html to enable security."]
2021-10-28 17:13:30 [http-nio-8888-exec-3] ERROR com.petty.commdity.controller.GoodsController - nested exception is org.apache.ibatis.builder.BuilderException: Error evaluating expression 'brands'.  Return value () was not iterable.
2021-10-28 17:14:00 [http-nio-8888-exec-4] WARN  org.elasticsearch.client.RestClient - request [POST http://localhost:9200/mail_goods/_search?typed_keys=true&max_concurrent_shard_requests=5&ignore_unavailable=false&expand_wildcards=open&allow_no_indices=true&ignore_throttled=true&search_type=query_then_fetch&batched_reduce_size=512] returned 1 warnings: [299 Elasticsearch-7.14.0-dd5a0a2acaa2045ff9624f3729fc8a6f40835aa1 "Elasticsearch built-in security features are not enabled. Without authentication, your cluster could be accessible to anyone. See https://www.elastic.co/guide/en/elasticsearch/reference/7.14/security-minimal-setup.html to enable security."]
2021-10-28 17:14:48 [http-nio-8888-exec-4] ERROR com.petty.commdity.controller.GoodsController - nested exception is org.apache.ibatis.builder.BuilderException: Error evaluating expression 'brands'.  Return value () was not iterable.
2021-10-28 17:14:48 [restartedMain-SendThread(127.0.0.1:2181)] WARN  org.apache.zookeeper.ClientCnxn - Client session timed out, have not heard from server in 47656ms for sessionid 0x10039d9130f0020
2021-10-28 17:14:49 [restartedMain-SendThread(127.0.0.1:2181)] WARN  org.apache.zookeeper.ClientCnxn - Unable to reconnect to ZooKeeper service, session 0x10039d9130f0020 has expired
2021-10-28 17:14:49 [restartedMain-EventThread] WARN  org.apache.curator.ConnectionState - Session expired event received
2021-10-28 17:15:28 [http-nio-8888-exec-7] WARN  org.elasticsearch.client.RestClient - request [POST http://localhost:9200/mail_goods/_search?typed_keys=true&max_concurrent_shard_requests=5&ignore_unavailable=false&expand_wildcards=open&allow_no_indices=true&ignore_throttled=true&search_type=query_then_fetch&batched_reduce_size=512] returned 1 warnings: [299 Elasticsearch-7.14.0-dd5a0a2acaa2045ff9624f3729fc8a6f40835aa1 "Elasticsearch built-in security features are not enabled. Without authentication, your cluster could be accessible to anyone. See https://www.elastic.co/guide/en/elasticsearch/reference/7.14/security-minimal-setup.html to enable security."]
2021-10-28 17:17:11 [restartedMain-SendThread(127.0.0.1:2181)] WARN  org.apache.zookeeper.ClientCnxn - Client session timed out, have not heard from server in 104384ms for sessionid 0x10039d9130f0021
2021-10-28 17:17:11 [http-nio-8888-exec-7] ERROR com.petty.commdity.controller.GoodsController - nested exception is org.apache.ibatis.builder.BuilderException: Error evaluating expression 'brands'.  Return value () was not iterable.
2021-10-28 17:17:12 [restartedMain-SendThread(127.0.0.1:2181)] WARN  org.apache.zookeeper.ClientCnxn - Unable to reconnect to ZooKeeper service, session 0x10039d9130f0021 has expired
2021-10-28 17:17:12 [restartedMain-EventThread] WARN  org.apache.curator.ConnectionState - Session expired event received
2021-10-28 17:17:16 [restartedMain] WARN  org.apache.tomcat.util.modeler.Registry - The MBean registry cannot be disabled because it has already been initialised
2021-10-28 17:17:17 [restartedMain] WARN  o.s.b.d.autoconfigure.OptionalLiveReloadServer - Unable to start LiveReload server
2021-10-28 17:17:17 [restartedMain] WARN  o.s.b.a.t.ThymeleafAutoConfiguration$DefaultTemplateResolverConfiguration - Cannot find template location: classpath:/templates/ (please add some templates or check your Thymeleaf configuration)
2021-10-28 17:17:24 [I/O dispatcher 4] WARN  org.elasticsearch.client.RestClient - request [GET http://localhost:9200/] returned 1 warnings: [299 Elasticsearch-7.14.0-dd5a0a2acaa2045ff9624f3729fc8a6f40835aa1 "Elasticsearch built-in security features are not enabled. Without authentication, your cluster could be accessible to anyone. See https://www.elastic.co/guide/en/elasticsearch/reference/7.14/security-minimal-setup.html to enable security."]
2021-10-28 17:17:24 [http-nio-8888-exec-1] WARN  org.elasticsearch.client.RestClient - request [POST http://localhost:9200/mail_goods/_search?typed_keys=true&max_concurrent_shard_requests=5&ignore_unavailable=false&expand_wildcards=open&allow_no_indices=true&ignore_throttled=true&search_type=query_then_fetch&batched_reduce_size=512] returned 1 warnings: [299 Elasticsearch-7.14.0-dd5a0a2acaa2045ff9624f3729fc8a6f40835aa1 "Elasticsearch built-in security features are not enabled. Without authentication, your cluster could be accessible to anyone. See https://www.elastic.co/guide/en/elasticsearch/reference/7.14/security-minimal-setup.html to enable security."]
2021-10-28 17:17:46 [Thread-3-SendThread(127.0.0.1:2181)] WARN  org.apache.zookeeper.ClientCnxn - Client session timed out, have not heard from server in 29297ms for sessionid 0x10039d9130f0023
2021-10-28 17:20:03 [Curator-Framework-0] ERROR org.apache.curator.ConnectionState - Connection timed out for connection string (127.0.0.1:2181) and timeout (5000) / elapsed (22104)
org.apache.curator.CuratorConnectionLossException: KeeperErrorCode = ConnectionLoss
	at org.apache.curator.ConnectionState.checkTimeouts(ConnectionState.java:225)
	at org.apache.curator.ConnectionState.getZooKeeper(ConnectionState.java:94)
	at org.apache.curator.CuratorZookeeperClient.getZooKeeper(CuratorZookeeperClient.java:117)
	at org.apache.curator.framework.imps.CuratorFrameworkImpl.performBackgroundOperation(CuratorFrameworkImpl.java:835)
	at org.apache.curator.framework.imps.CuratorFrameworkImpl.backgroundOperationsLoop(CuratorFrameworkImpl.java:809)
	at org.apache.curator.framework.imps.CuratorFrameworkImpl.access$300(CuratorFrameworkImpl.java:64)
	at org.apache.curator.framework.imps.CuratorFrameworkImpl$4.call(CuratorFrameworkImpl.java:267)
	at java.util.concurrent.FutureTask.run$$$capture(FutureTask.java:266)
	at java.util.concurrent.FutureTask.run(FutureTask.java)
	at java.util.concurrent.ScheduledThreadPoolExecutor$ScheduledFutureTask.access$201(ScheduledThreadPoolExecutor.java:180)
	at java.util.concurrent.ScheduledThreadPoolExecutor$ScheduledFutureTask.run(ScheduledThreadPoolExecutor.java:293)
	at java.util.concurrent.ThreadPoolExecutor.runWorker(ThreadPoolExecutor.java:1149)
	at java.util.concurrent.ThreadPoolExecutor$Worker.run(ThreadPoolExecutor.java:624)
	at java.lang.Thread.run(Thread.java:748)
2021-10-28 17:20:03 [http-nio-8888-exec-1] ERROR com.petty.commdity.controller.GoodsController - nested exception is org.apache.ibatis.builder.BuilderException: Error evaluating expression 'brands'.  Return value () was not iterable.
2021-10-28 17:20:04 [Curator-Framework-0] ERROR org.apache.curator.ConnectionState - Connection timed out for connection string (127.0.0.1:2181) and timeout (5000) / elapsed (23119)
org.apache.curator.CuratorConnectionLossException: KeeperErrorCode = ConnectionLoss
	at org.apache.curator.ConnectionState.checkTimeouts(ConnectionState.java:225)
	at org.apache.curator.ConnectionState.getZooKeeper(ConnectionState.java:94)
	at org.apache.curator.CuratorZookeeperClient.getZooKeeper(CuratorZookeeperClient.java:117)
	at org.apache.curator.framework.imps.CuratorFrameworkImpl.performBackgroundOperation(CuratorFrameworkImpl.java:835)
	at org.apache.curator.framework.imps.CuratorFrameworkImpl.backgroundOperationsLoop(CuratorFrameworkImpl.java:809)
	at org.apache.curator.framework.imps.CuratorFrameworkImpl.access$300(CuratorFrameworkImpl.java:64)
	at org.apache.curator.framework.imps.CuratorFrameworkImpl$4.call(CuratorFrameworkImpl.java:267)
	at java.util.concurrent.FutureTask.run$$$capture(FutureTask.java:266)
	at java.util.concurrent.FutureTask.run(FutureTask.java)
	at java.util.concurrent.ScheduledThreadPoolExecutor$ScheduledFutureTask.access$201(ScheduledThreadPoolExecutor.java:180)
	at java.util.concurrent.ScheduledThreadPoolExecutor$ScheduledFutureTask.run(ScheduledThreadPoolExecutor.java:293)
	at java.util.concurrent.ThreadPoolExecutor.runWorker(ThreadPoolExecutor.java:1149)
	at java.util.concurrent.ThreadPoolExecutor$Worker.run(ThreadPoolExecutor.java:624)
	at java.lang.Thread.run(Thread.java:748)
2021-10-28 17:20:04 [Curator-Framework-0] ERROR o.a.curator.framework.imps.CuratorFrameworkImpl - Background operation retry gave up
org.apache.zookeeper.KeeperException$ConnectionLossException: KeeperErrorCode = ConnectionLoss
	at org.apache.zookeeper.KeeperException.create(KeeperException.java:102)
	at org.apache.curator.framework.imps.CuratorFrameworkImpl.checkBackgroundRetry(CuratorFrameworkImpl.java:728)
	at org.apache.curator.framework.imps.CuratorFrameworkImpl.performBackgroundOperation(CuratorFrameworkImpl.java:857)
	at org.apache.curator.framework.imps.CuratorFrameworkImpl.backgroundOperationsLoop(CuratorFrameworkImpl.java:809)
	at org.apache.curator.framework.imps.CuratorFrameworkImpl.access$300(CuratorFrameworkImpl.java:64)
	at org.apache.curator.framework.imps.CuratorFrameworkImpl$4.call(CuratorFrameworkImpl.java:267)
	at java.util.concurrent.FutureTask.run$$$capture(FutureTask.java:266)
	at java.util.concurrent.FutureTask.run(FutureTask.java)
	at java.util.concurrent.ScheduledThreadPoolExecutor$ScheduledFutureTask.access$201(ScheduledThreadPoolExecutor.java:180)
	at java.util.concurrent.ScheduledThreadPoolExecutor$ScheduledFutureTask.run(ScheduledThreadPoolExecutor.java:293)
	at java.util.concurrent.ThreadPoolExecutor.runWorker(ThreadPoolExecutor.java:1149)
	at java.util.concurrent.ThreadPoolExecutor$Worker.run(ThreadPoolExecutor.java:624)
	at java.lang.Thread.run(Thread.java:748)
2021-10-28 17:20:04 [Curator-Framework-0] ERROR o.a.curator.framework.imps.CuratorFrameworkImpl - Background retry gave up
org.apache.curator.CuratorConnectionLossException: KeeperErrorCode = ConnectionLoss
	at org.apache.curator.ConnectionState.checkTimeouts(ConnectionState.java:225)
	at org.apache.curator.ConnectionState.getZooKeeper(ConnectionState.java:94)
	at org.apache.curator.CuratorZookeeperClient.getZooKeeper(CuratorZookeeperClient.java:117)
	at org.apache.curator.framework.imps.CuratorFrameworkImpl.performBackgroundOperation(CuratorFrameworkImpl.java:835)
	at org.apache.curator.framework.imps.CuratorFrameworkImpl.backgroundOperationsLoop(CuratorFrameworkImpl.java:809)
	at org.apache.curator.framework.imps.CuratorFrameworkImpl.access$300(CuratorFrameworkImpl.java:64)
	at org.apache.curator.framework.imps.CuratorFrameworkImpl$4.call(CuratorFrameworkImpl.java:267)
	at java.util.concurrent.FutureTask.run$$$capture(FutureTask.java:266)
	at java.util.concurrent.FutureTask.run(FutureTask.java)
	at java.util.concurrent.ScheduledThreadPoolExecutor$ScheduledFutureTask.access$201(ScheduledThreadPoolExecutor.java:180)
	at java.util.concurrent.ScheduledThreadPoolExecutor$ScheduledFutureTask.run(ScheduledThreadPoolExecutor.java:293)
	at java.util.concurrent.ThreadPoolExecutor.runWorker(ThreadPoolExecutor.java:1149)
	at java.util.concurrent.ThreadPoolExecutor$Worker.run(ThreadPoolExecutor.java:624)
	at java.lang.Thread.run(Thread.java:748)
2021-10-28 17:20:04 [Thread-3-SendThread(127.0.0.1:2181)] WARN  org.apache.zookeeper.ClientCnxn - Unable to reconnect to ZooKeeper service, session 0x10039d9130f0023 has expired
2021-10-28 17:20:04 [Thread-3-EventThread] WARN  org.apache.curator.ConnectionState - Session expired event received
2021-10-28 17:25:52 [restartedMain] WARN  org.mybatis.spring.mapper.ClassPathMapperScanner - No MyBatis mapper was found in '[com.petty.commdity.dao]' package. Please check your configuration.
2021-10-28 17:25:52 [restartedMain] WARN  org.apache.tomcat.util.modeler.Registry - The MBean registry cannot be disabled because it has already been initialised
2021-10-28 17:25:53 [restartedMain] WARN  o.s.b.w.s.c.AnnotationConfigServletWebServerApplicationContext - Exception encountered during context initialization - cancelling refresh attempt: org.springframework.beans.factory.UnsatisfiedDependencyException: Error creating bean with name 'goodsController': Unsatisfied dependency expressed through field 'goodsService'; nested exception is org.springframework.beans.factory.NoSuchBeanDefinitionException: No qualifying bean of type 'com.petty.commdity.service.GoodsService' available: expected at least 1 bean which qualifies as autowire candidate. Dependency annotations: {@org.springframework.beans.factory.annotation.Autowired(required=true)}
2021-10-28 17:25:53 [restartedMain] ERROR o.s.b.diagnostics.LoggingFailureAnalysisReporter - 

***************************
APPLICATION FAILED TO START
***************************

Description:

Field goodsService in com.petty.commdity.controller.GoodsController required a bean of type 'com.petty.commdity.service.GoodsService' that could not be found.

The injection point has the following annotations:
	- @org.springframework.beans.factory.annotation.Autowired(required=true)


Action:

Consider defining a bean of type 'com.petty.commdity.service.GoodsService' in your configuration.

2021-10-28 17:25:57 [restartedMain] WARN  org.apache.tomcat.util.modeler.Registry - The MBean registry cannot be disabled because it has already been initialised
2021-10-28 17:25:59 [restartedMain] WARN  o.s.b.d.autoconfigure.OptionalLiveReloadServer - Unable to start LiveReload server
2021-10-28 17:25:59 [restartedMain] WARN  o.s.b.a.t.ThymeleafAutoConfiguration$DefaultTemplateResolverConfiguration - Cannot find template location: classpath:/templates/ (please add some templates or check your Thymeleaf configuration)
2021-10-28 17:26:02 [I/O dispatcher 7] WARN  org.elasticsearch.client.RestClient - request [GET http://localhost:9200/] returned 1 warnings: [299 Elasticsearch-7.14.0-dd5a0a2acaa2045ff9624f3729fc8a6f40835aa1 "Elasticsearch built-in security features are not enabled. Without authentication, your cluster could be accessible to anyone. See https://www.elastic.co/guide/en/elasticsearch/reference/7.14/security-minimal-setup.html to enable security."]
2021-10-28 17:26:02 [http-nio-8888-exec-1] WARN  org.elasticsearch.client.RestClient - request [POST http://localhost:9200/mail_goods/_search?typed_keys=true&max_concurrent_shard_requests=5&ignore_unavailable=false&expand_wildcards=open&allow_no_indices=true&ignore_throttled=true&search_type=query_then_fetch&batched_reduce_size=512] returned 1 warnings: [299 Elasticsearch-7.14.0-dd5a0a2acaa2045ff9624f3729fc8a6f40835aa1 "Elasticsearch built-in security features are not enabled. Without authentication, your cluster could be accessible to anyone. See https://www.elastic.co/guide/en/elasticsearch/reference/7.14/security-minimal-setup.html to enable security."]
2021-10-28 17:26:30 [http-nio-8888-exec-1] ERROR com.petty.commdity.controller.GoodsController - nested exception is org.apache.ibatis.reflection.ReflectionException: Could not set property 'price' of 'class com.petty.commdity.entity.Goods' with value '100.0' Cause: org.apache.ibatis.reflection.ReflectionException: There is no setter for property named 'price' in 'class com.petty.commdity.entity.Goods'
2021-10-28 17:27:02 [restartedMain] WARN  org.apache.tomcat.util.modeler.Registry - The MBean registry cannot be disabled because it has already been initialised
2021-10-28 17:27:02 [restartedMain] WARN  o.s.b.d.autoconfigure.OptionalLiveReloadServer - Unable to start LiveReload server
2021-10-28 17:27:03 [restartedMain] WARN  o.s.b.a.t.ThymeleafAutoConfiguration$DefaultTemplateResolverConfiguration - Cannot find template location: classpath:/templates/ (please add some templates or check your Thymeleaf configuration)
2021-10-28 17:27:06 [I/O dispatcher 10] WARN  org.elasticsearch.client.RestClient - request [GET http://localhost:9200/] returned 1 warnings: [299 Elasticsearch-7.14.0-dd5a0a2acaa2045ff9624f3729fc8a6f40835aa1 "Elasticsearch built-in security features are not enabled. Without authentication, your cluster could be accessible to anyone. See https://www.elastic.co/guide/en/elasticsearch/reference/7.14/security-minimal-setup.html to enable security."]
2021-10-28 17:27:06 [http-nio-8888-exec-3] WARN  org.elasticsearch.client.RestClient - request [POST http://localhost:9200/mail_goods/_search?typed_keys=true&max_concurrent_shard_requests=5&ignore_unavailable=false&expand_wildcards=open&allow_no_indices=true&ignore_throttled=true&search_type=query_then_fetch&batched_reduce_size=512] returned 1 warnings: [299 Elasticsearch-7.14.0-dd5a0a2acaa2045ff9624f3729fc8a6f40835aa1 "Elasticsearch built-in security features are not enabled. Without authentication, your cluster could be accessible to anyone. See https://www.elastic.co/guide/en/elasticsearch/reference/7.14/security-minimal-setup.html to enable security."]
2021-10-28 17:27:11 [http-nio-8888-exec-3] ERROR com.petty.commdity.controller.GoodsController - nested exception is org.apache.ibatis.reflection.ReflectionException: Could not set property 'sourceSite' of 'class com.petty.commdity.entity.Goods' with value '北京' Cause: org.apache.ibatis.reflection.ReflectionException: There is no setter for property named 'sourceSite' in 'class com.petty.commdity.entity.Goods'
2021-10-28 17:27:38 [restartedMain] WARN  org.apache.tomcat.util.modeler.Registry - The MBean registry cannot be disabled because it has already been initialised
2021-10-28 17:27:38 [restartedMain] WARN  o.s.b.d.autoconfigure.OptionalLiveReloadServer - Unable to start LiveReload server
2021-10-28 17:27:38 [restartedMain] WARN  o.s.b.a.t.ThymeleafAutoConfiguration$DefaultTemplateResolverConfiguration - Cannot find template location: classpath:/templates/ (please add some templates or check your Thymeleaf configuration)
2021-10-28 17:27:45 [I/O dispatcher 13] WARN  org.elasticsearch.client.RestClient - request [GET http://localhost:9200/] returned 1 warnings: [299 Elasticsearch-7.14.0-dd5a0a2acaa2045ff9624f3729fc8a6f40835aa1 "Elasticsearch built-in security features are not enabled. Without authentication, your cluster could be accessible to anyone. See https://www.elastic.co/guide/en/elasticsearch/reference/7.14/security-minimal-setup.html to enable security."]
2021-10-28 17:27:45 [http-nio-8888-exec-6] WARN  org.elasticsearch.client.RestClient - request [POST http://localhost:9200/mail_goods/_search?typed_keys=true&max_concurrent_shard_requests=5&ignore_unavailable=false&expand_wildcards=open&allow_no_indices=true&ignore_throttled=true&search_type=query_then_fetch&batched_reduce_size=512] returned 1 warnings: [299 Elasticsearch-7.14.0-dd5a0a2acaa2045ff9624f3729fc8a6f40835aa1 "Elasticsearch built-in security features are not enabled. Without authentication, your cluster could be accessible to anyone. See https://www.elastic.co/guide/en/elasticsearch/reference/7.14/security-minimal-setup.html to enable security."]
2021-10-28 17:28:07 [http-nio-8888-exec-10] WARN  org.elasticsearch.client.RestClient - request [POST http://localhost:9200/mail_goods/_search?typed_keys=true&max_concurrent_shard_requests=5&ignore_unavailable=false&expand_wildcards=open&allow_no_indices=true&ignore_throttled=true&search_type=query_then_fetch&batched_reduce_size=512] returned 1 warnings: [299 Elasticsearch-7.14.0-dd5a0a2acaa2045ff9624f3729fc8a6f40835aa1 "Elasticsearch built-in security features are not enabled. Without authentication, your cluster could be accessible to anyone. See https://www.elastic.co/guide/en/elasticsearch/reference/7.14/security-minimal-setup.html to enable security."]
2021-10-28 17:28:19 [http-nio-8888-exec-9] WARN  org.elasticsearch.client.RestClient - request [POST http://localhost:9200/mail_goods/_search?typed_keys=true&max_concurrent_shard_requests=5&ignore_unavailable=false&expand_wildcards=open&allow_no_indices=true&ignore_throttled=true&search_type=query_then_fetch&batched_reduce_size=512] returned 1 warnings: [299 Elasticsearch-7.14.0-dd5a0a2acaa2045ff9624f3729fc8a6f40835aa1 "Elasticsearch built-in security features are not enabled. Without authentication, your cluster could be accessible to anyone. See https://www.elastic.co/guide/en/elasticsearch/reference/7.14/security-minimal-setup.html to enable security."]
2021-10-28 17:28:19 [http-nio-8888-exec-9] ERROR com.petty.commdity.controller.GoodsController - 
### Error querying database.  Cause: java.sql.SQLSyntaxErrorException: You have an error in your SQL syntax; check the manual that corresponds to your MySQL server version for the right syntax to use near '' at line 4
### The error may exist in file [D:\project\java\Mail\commdity\target\classes\mapping\GoodsMapper.xml]
### The error may involve defaultParameterMap
### The error occurred while setting parameters
### SQL: select  id, name, price, source_site, brand          from goods         where         id in
### Cause: java.sql.SQLSyntaxErrorException: You have an error in your SQL syntax; check the manual that corresponds to your MySQL server version for the right syntax to use near '' at line 4
; bad SQL grammar []; nested exception is java.sql.SQLSyntaxErrorException: You have an error in your SQL syntax; check the manual that corresponds to your MySQL server version for the right syntax to use near '' at line 4
2021-10-28 17:33:29 [http-nio-8888-exec-4] WARN  org.elasticsearch.client.RestClient - request [POST http://localhost:9200/mail_goods/_search?typed_keys=true&max_concurrent_shard_requests=5&ignore_unavailable=false&expand_wildcards=open&allow_no_indices=true&ignore_throttled=true&search_type=query_then_fetch&batched_reduce_size=512] returned 1 warnings: [299 Elasticsearch-7.14.0-dd5a0a2acaa2045ff9624f3729fc8a6f40835aa1 "Elasticsearch built-in security features are not enabled. Without authentication, your cluster could be accessible to anyone. See https://www.elastic.co/guide/en/elasticsearch/reference/7.14/security-minimal-setup.html to enable security."]
2021-10-28 17:35:20 [HikariPool-3 housekeeper] WARN  com.zaxxer.hikari.pool.HikariPool - HikariPool-3 - Thread starvation or clock leap detected (housekeeper delta=2m5s364ms513µs700ns).
2021-10-28 17:35:20 [http-nio-8888-exec-4] ERROR com.petty.commdity.controller.GoodsController - 
### Error querying database.  Cause: java.sql.SQLSyntaxErrorException: You have an error in your SQL syntax; check the manual that corresponds to your MySQL server version for the right syntax to use near '' at line 4
### The error may exist in file [D:\project\java\Mail\commdity\target\classes\mapping\GoodsMapper.xml]
### The error may involve defaultParameterMap
### The error occurred while setting parameters
### SQL: select  id, name, price, source_site, brand          from goods         where         id in
### Cause: java.sql.SQLSyntaxErrorException: You have an error in your SQL syntax; check the manual that corresponds to your MySQL server version for the right syntax to use near '' at line 4
; bad SQL grammar []; nested exception is java.sql.SQLSyntaxErrorException: You have an error in your SQL syntax; check the manual that corresponds to your MySQL server version for the right syntax to use near '' at line 4
2021-10-28 17:35:20 [Thread-3-SendThread(127.0.0.1:2181)] WARN  org.apache.zookeeper.ClientCnxn - Client session timed out, have not heard from server in 114750ms for sessionid 0x10039d9130f0024
2021-10-28 17:35:22 [Thread-3-SendThread(127.0.0.1:2181)] WARN  org.apache.zookeeper.ClientCnxn - Unable to reconnect to ZooKeeper service, session 0x10039d9130f0024 has expired
2021-10-28 17:35:22 [Thread-3-EventThread] WARN  org.apache.curator.ConnectionState - Session expired event received
2021-10-28 17:35:28 [http-nio-8888-exec-2] WARN  org.elasticsearch.client.RestClient - request [POST http://localhost:9200/mail_goods/_search?typed_keys=true&max_concurrent_shard_requests=5&ignore_unavailable=false&expand_wildcards=open&allow_no_indices=true&ignore_throttled=true&search_type=query_then_fetch&batched_reduce_size=512] returned 1 warnings: [299 Elasticsearch-7.14.0-dd5a0a2acaa2045ff9624f3729fc8a6f40835aa1 "Elasticsearch built-in security features are not enabled. Without authentication, your cluster could be accessible to anyone. See https://www.elastic.co/guide/en/elasticsearch/reference/7.14/security-minimal-setup.html to enable security."]
2021-10-28 17:36:22 [Thread-3-SendThread(127.0.0.1:2181)] WARN  org.apache.zookeeper.ClientCnxn - Client session timed out, have not heard from server in 59913ms for sessionid 0x10039d9130f0025
2021-10-28 17:36:22 [HikariPool-3 housekeeper] WARN  com.zaxxer.hikari.pool.HikariPool - HikariPool-3 - Thread starvation or clock leap detected (housekeeper delta=1m2s25ms570µs100ns).
2021-10-28 17:36:22 [http-nio-8888-exec-2] ERROR com.petty.commdity.controller.GoodsController - 
### Error querying database.  Cause: java.sql.SQLSyntaxErrorException: You have an error in your SQL syntax; check the manual that corresponds to your MySQL server version for the right syntax to use near '' at line 4
### The error may exist in file [D:\project\java\Mail\commdity\target\classes\mapping\GoodsMapper.xml]
### The error may involve defaultParameterMap
### The error occurred while setting parameters
### SQL: select  id, name, price, source_site, brand          from goods         where         id in
### Cause: java.sql.SQLSyntaxErrorException: You have an error in your SQL syntax; check the manual that corresponds to your MySQL server version for the right syntax to use near '' at line 4
; bad SQL grammar []; nested exception is java.sql.SQLSyntaxErrorException: You have an error in your SQL syntax; check the manual that corresponds to your MySQL server version for the right syntax to use near '' at line 4
2021-10-28 17:36:24 [Thread-3-SendThread(127.0.0.1:2181)] WARN  org.apache.zookeeper.ClientCnxn - Unable to reconnect to ZooKeeper service, session 0x10039d9130f0025 has expired
2021-10-28 17:36:24 [Thread-3-EventThread] WARN  org.apache.curator.ConnectionState - Session expired event received
2021-10-28 17:36:35 [http-nio-8888-exec-6] WARN  org.elasticsearch.client.RestClient - request [POST http://localhost:9200/mail_goods/_search?typed_keys=true&max_concurrent_shard_requests=5&ignore_unavailable=false&expand_wildcards=open&allow_no_indices=true&ignore_throttled=true&search_type=query_then_fetch&batched_reduce_size=512] returned 1 warnings: [299 Elasticsearch-7.14.0-dd5a0a2acaa2045ff9624f3729fc8a6f40835aa1 "Elasticsearch built-in security features are not enabled. Without authentication, your cluster could be accessible to anyone. See https://www.elastic.co/guide/en/elasticsearch/reference/7.14/security-minimal-setup.html to enable security."]
2021-10-28 17:37:31 [Thread-3-SendThread(127.0.0.1:2181)] WARN  org.apache.zookeeper.ClientCnxn - Client session timed out, have not heard from server in 66859ms for sessionid 0x10039d9130f0026
2021-10-28 17:37:31 [HikariPool-3 housekeeper] WARN  com.zaxxer.hikari.pool.HikariPool - HikariPool-3 - Thread starvation or clock leap detected (housekeeper delta=1m8s962ms10µs500ns).
2021-10-28 17:37:31 [http-nio-8888-exec-6] ERROR com.petty.commdity.controller.GoodsController - 
### Error querying database.  Cause: java.sql.SQLSyntaxErrorException: You have an error in your SQL syntax; check the manual that corresponds to your MySQL server version for the right syntax to use near '' at line 4
### The error may exist in file [D:\project\java\Mail\commdity\target\classes\mapping\GoodsMapper.xml]
### The error may involve defaultParameterMap
### The error occurred while setting parameters
### SQL: select  id, name, price, source_site, brand          from goods         where         id in
### Cause: java.sql.SQLSyntaxErrorException: You have an error in your SQL syntax; check the manual that corresponds to your MySQL server version for the right syntax to use near '' at line 4
; bad SQL grammar []; nested exception is java.sql.SQLSyntaxErrorException: You have an error in your SQL syntax; check the manual that corresponds to your MySQL server version for the right syntax to use near '' at line 4
2021-10-28 17:37:32 [Thread-3-SendThread(127.0.0.1:2181)] WARN  org.apache.zookeeper.ClientCnxn - Unable to reconnect to ZooKeeper service, session 0x10039d9130f0026 has expired
2021-10-28 17:37:32 [Thread-3-EventThread] WARN  org.apache.curator.ConnectionState - Session expired event received
2021-10-28 17:37:36 [http-nio-8888-exec-10] WARN  org.elasticsearch.client.RestClient - request [POST http://localhost:9200/mail_goods/_search?typed_keys=true&max_concurrent_shard_requests=5&ignore_unavailable=false&expand_wildcards=open&allow_no_indices=true&ignore_throttled=true&search_type=query_then_fetch&batched_reduce_size=512] returned 1 warnings: [299 Elasticsearch-7.14.0-dd5a0a2acaa2045ff9624f3729fc8a6f40835aa1 "Elasticsearch built-in security features are not enabled. Without authentication, your cluster could be accessible to anyone. See https://www.elastic.co/guide/en/elasticsearch/reference/7.14/security-minimal-setup.html to enable security."]
2021-10-28 17:38:27 [http-nio-8888-exec-9] WARN  org.elasticsearch.client.RestClient - request [POST http://localhost:9200/mail_goods/_search?typed_keys=true&max_concurrent_shard_requests=5&ignore_unavailable=false&expand_wildcards=open&allow_no_indices=true&ignore_throttled=true&search_type=query_then_fetch&batched_reduce_size=512] returned 1 warnings: [299 Elasticsearch-7.14.0-dd5a0a2acaa2045ff9624f3729fc8a6f40835aa1 "Elasticsearch built-in security features are not enabled. Without authentication, your cluster could be accessible to anyone. See https://www.elastic.co/guide/en/elasticsearch/reference/7.14/security-minimal-setup.html to enable security."]
2021-10-28 17:38:46 [http-nio-8888-exec-4] WARN  org.elasticsearch.client.RestClient - request [POST http://localhost:9200/mail_goods/_search?typed_keys=true&max_concurrent_shard_requests=5&ignore_unavailable=false&expand_wildcards=open&allow_no_indices=true&ignore_throttled=true&search_type=query_then_fetch&batched_reduce_size=512] returned 1 warnings: [299 Elasticsearch-7.14.0-dd5a0a2acaa2045ff9624f3729fc8a6f40835aa1 "Elasticsearch built-in security features are not enabled. Without authentication, your cluster could be accessible to anyone. See https://www.elastic.co/guide/en/elasticsearch/reference/7.14/security-minimal-setup.html to enable security."]
2021-10-28 17:38:46 [http-nio-8888-exec-4] ERROR com.petty.commdity.controller.GoodsController - 
### Error querying database.  Cause: java.sql.SQLSyntaxErrorException: You have an error in your SQL syntax; check the manual that corresponds to your MySQL server version for the right syntax to use near '' at line 4
### The error may exist in file [D:\project\java\Mail\commdity\target\classes\mapping\GoodsMapper.xml]
### The error may involve defaultParameterMap
### The error occurred while setting parameters
### SQL: select  id, name, price, source_site, brand          from goods         where         id in
### Cause: java.sql.SQLSyntaxErrorException: You have an error in your SQL syntax; check the manual that corresponds to your MySQL server version for the right syntax to use near '' at line 4
; bad SQL grammar []; nested exception is java.sql.SQLSyntaxErrorException: You have an error in your SQL syntax; check the manual that corresponds to your MySQL server version for the right syntax to use near '' at line 4
2021-10-28 17:39:17 [http-nio-8888-exec-2] WARN  org.elasticsearch.client.RestClient - request [POST http://localhost:9200/mail_goods/_search?typed_keys=true&max_concurrent_shard_requests=5&ignore_unavailable=false&expand_wildcards=open&allow_no_indices=true&ignore_throttled=true&search_type=query_then_fetch&batched_reduce_size=512] returned 1 warnings: [299 Elasticsearch-7.14.0-dd5a0a2acaa2045ff9624f3729fc8a6f40835aa1 "Elasticsearch built-in security features are not enabled. Without authentication, your cluster could be accessible to anyone. See https://www.elastic.co/guide/en/elasticsearch/reference/7.14/security-minimal-setup.html to enable security."]
2021-10-28 17:41:38 [Thread-3-SendThread(127.0.0.1:2181)] WARN  org.apache.zookeeper.ClientCnxn - Client session timed out, have not heard from server in 143819ms for sessionid 0x10039d9130f0027
2021-10-28 17:41:38 [HikariPool-3 housekeeper] WARN  com.zaxxer.hikari.pool.HikariPool - HikariPool-3 - Thread starvation or clock leap detected (housekeeper delta=2m36s803ms509µs600ns).
2021-10-28 17:41:38 [http-nio-8888-exec-2] ERROR com.petty.commdity.controller.GoodsController - 
### Error querying database.  Cause: java.sql.SQLSyntaxErrorException: You have an error in your SQL syntax; check the manual that corresponds to your MySQL server version for the right syntax to use near '' at line 4
### The error may exist in file [D:\project\java\Mail\commdity\target\classes\mapping\GoodsMapper.xml]
### The error may involve defaultParameterMap
### The error occurred while setting parameters
### SQL: select  id, name, price, source_site, brand          from goods         where         id in
### Cause: java.sql.SQLSyntaxErrorException: You have an error in your SQL syntax; check the manual that corresponds to your MySQL server version for the right syntax to use near '' at line 4
; bad SQL grammar []; nested exception is java.sql.SQLSyntaxErrorException: You have an error in your SQL syntax; check the manual that corresponds to your MySQL server version for the right syntax to use near '' at line 4
2021-10-28 17:41:40 [Thread-3-SendThread(127.0.0.1:2181)] WARN  org.apache.zookeeper.ClientCnxn - Unable to reconnect to ZooKeeper service, session 0x10039d9130f0027 has expired
2021-10-28 17:41:40 [Thread-3-EventThread] WARN  org.apache.curator.ConnectionState - Session expired event received
2021-10-28 17:41:54 [http-nio-8888-exec-6] WARN  org.elasticsearch.client.RestClient - request [POST http://localhost:9200/mail_goods/_search?typed_keys=true&max_concurrent_shard_requests=5&ignore_unavailable=false&expand_wildcards=open&allow_no_indices=true&ignore_throttled=true&search_type=query_then_fetch&batched_reduce_size=512] returned 1 warnings: [299 Elasticsearch-7.14.0-dd5a0a2acaa2045ff9624f3729fc8a6f40835aa1 "Elasticsearch built-in security features are not enabled. Without authentication, your cluster could be accessible to anyone. See https://www.elastic.co/guide/en/elasticsearch/reference/7.14/security-minimal-setup.html to enable security."]
2021-10-28 17:41:54 [http-nio-8888-exec-6] ERROR com.petty.commdity.controller.GoodsController - 
### Error querying database.  Cause: java.sql.SQLSyntaxErrorException: You have an error in your SQL syntax; check the manual that corresponds to your MySQL server version for the right syntax to use near '' at line 4
### The error may exist in file [D:\project\java\Mail\commdity\target\classes\mapping\GoodsMapper.xml]
### The error may involve defaultParameterMap
### The error occurred while setting parameters
### SQL: select  id, name, price, source_site, brand          from goods         where         id in
### Cause: java.sql.SQLSyntaxErrorException: You have an error in your SQL syntax; check the manual that corresponds to your MySQL server version for the right syntax to use near '' at line 4
; bad SQL grammar []; nested exception is java.sql.SQLSyntaxErrorException: You have an error in your SQL syntax; check the manual that corresponds to your MySQL server version for the right syntax to use near '' at line 4
2021-10-28 17:44:51 [http-nio-8888-exec-10] WARN  org.elasticsearch.client.RestClient - request [POST http://localhost:9200/mail_goods/_search?typed_keys=true&max_concurrent_shard_requests=5&ignore_unavailable=false&expand_wildcards=open&allow_no_indices=true&ignore_throttled=true&search_type=query_then_fetch&batched_reduce_size=512] returned 1 warnings: [299 Elasticsearch-7.14.0-dd5a0a2acaa2045ff9624f3729fc8a6f40835aa1 "Elasticsearch built-in security features are not enabled. Without authentication, your cluster could be accessible to anyone. See https://www.elastic.co/guide/en/elasticsearch/reference/7.14/security-minimal-setup.html to enable security."]
2021-10-28 17:44:51 [http-nio-8888-exec-10] ERROR com.petty.commdity.controller.GoodsController - 
### Error querying database.  Cause: java.sql.SQLSyntaxErrorException: You have an error in your SQL syntax; check the manual that corresponds to your MySQL server version for the right syntax to use near '' at line 4
### The error may exist in file [D:\project\java\Mail\commdity\target\classes\mapping\GoodsMapper.xml]
### The error may involve defaultParameterMap
### The error occurred while setting parameters
### SQL: select  id, name, price, source_site, brand          from goods         where         id in
### Cause: java.sql.SQLSyntaxErrorException: You have an error in your SQL syntax; check the manual that corresponds to your MySQL server version for the right syntax to use near '' at line 4
; bad SQL grammar []; nested exception is java.sql.SQLSyntaxErrorException: You have an error in your SQL syntax; check the manual that corresponds to your MySQL server version for the right syntax to use near '' at line 4
2021-10-28 17:44:53 [http-nio-8888-exec-7] WARN  org.elasticsearch.client.RestClient - request [POST http://localhost:9200/mail_goods/_search?typed_keys=true&max_concurrent_shard_requests=5&ignore_unavailable=false&expand_wildcards=open&allow_no_indices=true&ignore_throttled=true&search_type=query_then_fetch&batched_reduce_size=512] returned 1 warnings: [299 Elasticsearch-7.14.0-dd5a0a2acaa2045ff9624f3729fc8a6f40835aa1 "Elasticsearch built-in security features are not enabled. Without authentication, your cluster could be accessible to anyone. See https://www.elastic.co/guide/en/elasticsearch/reference/7.14/security-minimal-setup.html to enable security."]
2021-10-28 17:44:53 [http-nio-8888-exec-7] ERROR com.petty.commdity.controller.GoodsController - 
### Error querying database.  Cause: java.sql.SQLSyntaxErrorException: You have an error in your SQL syntax; check the manual that corresponds to your MySQL server version for the right syntax to use near '' at line 4
### The error may exist in file [D:\project\java\Mail\commdity\target\classes\mapping\GoodsMapper.xml]
### The error may involve defaultParameterMap
### The error occurred while setting parameters
### SQL: select  id, name, price, source_site, brand          from goods         where         id in
### Cause: java.sql.SQLSyntaxErrorException: You have an error in your SQL syntax; check the manual that corresponds to your MySQL server version for the right syntax to use near '' at line 4
; bad SQL grammar []; nested exception is java.sql.SQLSyntaxErrorException: You have an error in your SQL syntax; check the manual that corresponds to your MySQL server version for the right syntax to use near '' at line 4
2021-10-28 17:45:12 [http-nio-8888-exec-5] WARN  org.elasticsearch.client.RestClient - request [POST http://localhost:9200/mail_goods/_search?typed_keys=true&max_concurrent_shard_requests=5&ignore_unavailable=false&expand_wildcards=open&allow_no_indices=true&ignore_throttled=true&search_type=query_then_fetch&batched_reduce_size=512] returned 1 warnings: [299 Elasticsearch-7.14.0-dd5a0a2acaa2045ff9624f3729fc8a6f40835aa1 "Elasticsearch built-in security features are not enabled. Without authentication, your cluster could be accessible to anyone. See https://www.elastic.co/guide/en/elasticsearch/reference/7.14/security-minimal-setup.html to enable security."]
2021-10-28 17:45:53 [Thread-3-SendThread(127.0.0.1:2181)] WARN  org.apache.zookeeper.ClientCnxn - Client session timed out, have not heard from server in 43110ms for sessionid 0x10039d9130f0028
2021-10-28 17:45:53 [http-nio-8888-exec-5] ERROR com.petty.commdity.controller.GoodsController - 
### Error querying database.  Cause: java.sql.SQLSyntaxErrorException: You have an error in your SQL syntax; check the manual that corresponds to your MySQL server version for the right syntax to use near '' at line 4
### The error may exist in file [D:\project\java\Mail\commdity\target\classes\mapping\GoodsMapper.xml]
### The error may involve defaultParameterMap
### The error occurred while setting parameters
### SQL: select  id, name, price, source_site, brand          from goods         where         id in
### Cause: java.sql.SQLSyntaxErrorException: You have an error in your SQL syntax; check the manual that corresponds to your MySQL server version for the right syntax to use near '' at line 4
; bad SQL grammar []; nested exception is java.sql.SQLSyntaxErrorException: You have an error in your SQL syntax; check the manual that corresponds to your MySQL server version for the right syntax to use near '' at line 4
2021-10-28 17:45:54 [Thread-3-SendThread(127.0.0.1:2181)] WARN  org.apache.zookeeper.ClientCnxn - Unable to reconnect to ZooKeeper service, session 0x10039d9130f0028 has expired
2021-10-28 17:45:54 [Thread-3-EventThread] WARN  org.apache.curator.ConnectionState - Session expired event received
2021-10-28 17:52:07 [http-nio-8888-exec-3] WARN  org.elasticsearch.client.RestClient - request [POST http://localhost:9200/mail_goods/_search?typed_keys=true&max_concurrent_shard_requests=5&ignore_unavailable=false&expand_wildcards=open&allow_no_indices=true&ignore_throttled=true&search_type=query_then_fetch&batched_reduce_size=512] returned 1 warnings: [299 Elasticsearch-7.14.0-dd5a0a2acaa2045ff9624f3729fc8a6f40835aa1 "Elasticsearch built-in security features are not enabled. Without authentication, your cluster could be accessible to anyone. See https://www.elastic.co/guide/en/elasticsearch/reference/7.14/security-minimal-setup.html to enable security."]
2021-10-28 17:52:26 [http-nio-8888-exec-3] ERROR com.petty.commdity.controller.GoodsController - 
### Error querying database.  Cause: java.sql.SQLSyntaxErrorException: You have an error in your SQL syntax; check the manual that corresponds to your MySQL server version for the right syntax to use near '' at line 4
### The error may exist in file [D:\project\java\Mail\commdity\target\classes\mapping\GoodsMapper.xml]
### The error may involve defaultParameterMap
### The error occurred while setting parameters
### SQL: select  id, name, price, source_site, brand          from goods         where         id in
### Cause: java.sql.SQLSyntaxErrorException: You have an error in your SQL syntax; check the manual that corresponds to your MySQL server version for the right syntax to use near '' at line 4
; bad SQL grammar []; nested exception is java.sql.SQLSyntaxErrorException: You have an error in your SQL syntax; check the manual that corresponds to your MySQL server version for the right syntax to use near '' at line 4
2021-10-28 17:52:34 [restartedMain] WARN  org.apache.tomcat.util.modeler.Registry - The MBean registry cannot be disabled because it has already been initialised
2021-10-28 17:52:35 [restartedMain] WARN  o.s.b.w.s.c.AnnotationConfigServletWebServerApplicationContext - Exception encountered during context initialization - cancelling refresh attempt: org.springframework.beans.factory.UnsatisfiedDependencyException: Error creating bean with name 'goodsController': Unsatisfied dependency expressed through field 'goodsService'; nested exception is org.springframework.beans.factory.NoSuchBeanDefinitionException: No qualifying bean of type 'com.petty.commdity.service.GoodsService' available: expected at least 1 bean which qualifies as autowire candidate. Dependency annotations: {@org.springframework.beans.factory.annotation.Autowired(required=true)}
2021-10-28 17:52:35 [restartedMain] ERROR o.s.b.diagnostics.LoggingFailureAnalysisReporter - 

***************************
APPLICATION FAILED TO START
***************************

Description:

Field goodsService in com.petty.commdity.controller.GoodsController required a bean of type 'com.petty.commdity.service.GoodsService' that could not be found.

The injection point has the following annotations:
	- @org.springframework.beans.factory.annotation.Autowired(required=true)


Action:

Consider defining a bean of type 'com.petty.commdity.service.GoodsService' in your configuration.

2021-10-28 17:52:38 [restartedMain] WARN  org.apache.tomcat.util.modeler.Registry - The MBean registry cannot be disabled because it has already been initialised
2021-10-28 17:52:40 [restartedMain] WARN  o.s.b.d.autoconfigure.OptionalLiveReloadServer - Unable to start LiveReload server
2021-10-28 17:52:40 [restartedMain] WARN  o.s.b.a.t.ThymeleafAutoConfiguration$DefaultTemplateResolverConfiguration - Cannot find template location: classpath:/templates/ (please add some templates or check your Thymeleaf configuration)
2021-10-28 17:53:06 [restartedMain] WARN  org.apache.tomcat.util.modeler.Registry - The MBean registry cannot be disabled because it has already been initialised
2021-10-28 17:53:07 [restartedMain] WARN  o.s.b.d.autoconfigure.OptionalLiveReloadServer - Unable to start LiveReload server
2021-10-28 17:53:07 [restartedMain] WARN  o.s.b.a.t.ThymeleafAutoConfiguration$DefaultTemplateResolverConfiguration - Cannot find template location: classpath:/templates/ (please add some templates or check your Thymeleaf configuration)
2021-10-28 17:53:11 [I/O dispatcher 19] WARN  org.elasticsearch.client.RestClient - request [GET http://localhost:9200/] returned 1 warnings: [299 Elasticsearch-7.14.0-dd5a0a2acaa2045ff9624f3729fc8a6f40835aa1 "Elasticsearch built-in security features are not enabled. Without authentication, your cluster could be accessible to anyone. See https://www.elastic.co/guide/en/elasticsearch/reference/7.14/security-minimal-setup.html to enable security."]
2021-10-28 17:53:11 [http-nio-8888-exec-1] WARN  org.elasticsearch.client.RestClient - request [POST http://localhost:9200/mail_goods/_search?typed_keys=true&max_concurrent_shard_requests=5&ignore_unavailable=false&expand_wildcards=open&allow_no_indices=true&ignore_throttled=true&search_type=query_then_fetch&batched_reduce_size=512] returned 1 warnings: [299 Elasticsearch-7.14.0-dd5a0a2acaa2045ff9624f3729fc8a6f40835aa1 "Elasticsearch built-in security features are not enabled. Without authentication, your cluster could be accessible to anyone. See https://www.elastic.co/guide/en/elasticsearch/reference/7.14/security-minimal-setup.html to enable security."]
2021-10-28 17:53:35 [http-nio-8888-exec-4] WARN  org.elasticsearch.client.RestClient - request [POST http://localhost:9200/mail_goods/_search?typed_keys=true&max_concurrent_shard_requests=5&ignore_unavailable=false&expand_wildcards=open&allow_no_indices=true&ignore_throttled=true&search_type=query_then_fetch&batched_reduce_size=512] returned 1 warnings: [299 Elasticsearch-7.14.0-dd5a0a2acaa2045ff9624f3729fc8a6f40835aa1 "Elasticsearch built-in security features are not enabled. Without authentication, your cluster could be accessible to anyone. See https://www.elastic.co/guide/en/elasticsearch/reference/7.14/security-minimal-setup.html to enable security."]
2021-10-28 17:54:00 [http-nio-8888-exec-6] WARN  org.elasticsearch.client.RestClient - request [POST http://localhost:9200/mail_goods/_search?typed_keys=true&max_concurrent_shard_requests=5&ignore_unavailable=false&expand_wildcards=open&allow_no_indices=true&ignore_throttled=true&search_type=query_then_fetch&batched_reduce_size=512] returned 1 warnings: [299 Elasticsearch-7.14.0-dd5a0a2acaa2045ff9624f3729fc8a6f40835aa1 "Elasticsearch built-in security features are not enabled. Without authentication, your cluster could be accessible to anyone. See https://www.elastic.co/guide/en/elasticsearch/reference/7.14/security-minimal-setup.html to enable security."]
2021-10-28 17:54:32 [http-nio-8888-exec-9] WARN  org.elasticsearch.client.RestClient - request [POST http://localhost:9200/mail_goods/_search?typed_keys=true&max_concurrent_shard_requests=5&ignore_unavailable=false&expand_wildcards=open&allow_no_indices=true&ignore_throttled=true&search_type=query_then_fetch&batched_reduce_size=512] returned 1 warnings: [299 Elasticsearch-7.14.0-dd5a0a2acaa2045ff9624f3729fc8a6f40835aa1 "Elasticsearch built-in security features are not enabled. Without authentication, your cluster could be accessible to anyone. See https://www.elastic.co/guide/en/elasticsearch/reference/7.14/security-minimal-setup.html to enable security."]
2021-10-28 17:54:37 [http-nio-8888-exec-7] WARN  org.elasticsearch.client.RestClient - request [POST http://localhost:9200/mail_goods/_search?typed_keys=true&max_concurrent_shard_requests=5&ignore_unavailable=false&expand_wildcards=open&allow_no_indices=true&ignore_throttled=true&search_type=query_then_fetch&batched_reduce_size=512] returned 1 warnings: [299 Elasticsearch-7.14.0-dd5a0a2acaa2045ff9624f3729fc8a6f40835aa1 "Elasticsearch built-in security features are not enabled. Without authentication, your cluster could be accessible to anyone. See https://www.elastic.co/guide/en/elasticsearch/reference/7.14/security-minimal-setup.html to enable security."]
2021-10-28 17:54:43 [http-nio-8888-exec-1] WARN  org.elasticsearch.client.RestClient - request [POST http://localhost:9200/mail_goods/_search?typed_keys=true&max_concurrent_shard_requests=5&ignore_unavailable=false&expand_wildcards=open&allow_no_indices=true&ignore_throttled=true&search_type=query_then_fetch&batched_reduce_size=512] returned 1 warnings: [299 Elasticsearch-7.14.0-dd5a0a2acaa2045ff9624f3729fc8a6f40835aa1 "Elasticsearch built-in security features are not enabled. Without authentication, your cluster could be accessible to anyone. See https://www.elastic.co/guide/en/elasticsearch/reference/7.14/security-minimal-setup.html to enable security."]
2021-10-28 17:57:35 [HikariPool-4 housekeeper] WARN  com.zaxxer.hikari.pool.HikariPool - HikariPool-4 - Thread starvation or clock leap detected (housekeeper delta=1m22s450ms889µs600ns).
2021-10-28 17:57:35 [Thread-3-SendThread(127.0.0.1:2181)] WARN  org.apache.zookeeper.ClientCnxn - Client session timed out, have not heard from server in 87292ms for sessionid 0x10039d9130f0029
2021-10-28 17:57:35 [http-nio-8888-exec-4] WARN  org.elasticsearch.client.RestClient - request [POST http://localhost:9200/mail_goods/_search?typed_keys=true&max_concurrent_shard_requests=5&ignore_unavailable=false&expand_wildcards=open&allow_no_indices=true&ignore_throttled=true&search_type=query_then_fetch&batched_reduce_size=512] returned 1 warnings: [299 Elasticsearch-7.14.0-dd5a0a2acaa2045ff9624f3729fc8a6f40835aa1 "Elasticsearch built-in security features are not enabled. Without authentication, your cluster could be accessible to anyone. See https://www.elastic.co/guide/en/elasticsearch/reference/7.14/security-minimal-setup.html to enable security."]
2021-10-28 17:57:37 [Thread-3-SendThread(127.0.0.1:2181)] WARN  org.apache.zookeeper.ClientCnxn - Unable to reconnect to ZooKeeper service, session 0x10039d9130f0029 has expired
2021-10-28 17:57:37 [Thread-3-EventThread] WARN  org.apache.curator.ConnectionState - Session expired event received
2021-10-28 17:57:39 [restartedMain] WARN  org.apache.tomcat.util.modeler.Registry - The MBean registry cannot be disabled because it has already been initialised
2021-10-28 17:57:40 [restartedMain] WARN  o.s.b.d.autoconfigure.OptionalLiveReloadServer - Unable to start LiveReload server
2021-10-28 17:57:40 [restartedMain] WARN  o.s.b.a.t.ThymeleafAutoConfiguration$DefaultTemplateResolverConfiguration - Cannot find template location: classpath:/templates/ (please add some templates or check your Thymeleaf configuration)
2021-10-28 17:57:51 [I/O dispatcher 22] WARN  org.elasticsearch.client.RestClient - request [GET http://localhost:9200/] returned 1 warnings: [299 Elasticsearch-7.14.0-dd5a0a2acaa2045ff9624f3729fc8a6f40835aa1 "Elasticsearch built-in security features are not enabled. Without authentication, your cluster could be accessible to anyone. See https://www.elastic.co/guide/en/elasticsearch/reference/7.14/security-minimal-setup.html to enable security."]
2021-10-28 17:57:51 [http-nio-8888-exec-7] WARN  org.elasticsearch.client.RestClient - request [POST http://localhost:9200/mail_goods/_search?typed_keys=true&max_concurrent_shard_requests=5&ignore_unavailable=false&expand_wildcards=open&allow_no_indices=true&ignore_throttled=true&search_type=query_then_fetch&batched_reduce_size=512] returned 1 warnings: [299 Elasticsearch-7.14.0-dd5a0a2acaa2045ff9624f3729fc8a6f40835aa1 "Elasticsearch built-in security features are not enabled. Without authentication, your cluster could be accessible to anyone. See https://www.elastic.co/guide/en/elasticsearch/reference/7.14/security-minimal-setup.html to enable security."]
2021-10-28 17:58:10 [http-nio-8888-exec-9] WARN  org.elasticsearch.client.RestClient - request [POST http://localhost:9200/mail_goods/_search?typed_keys=true&max_concurrent_shard_requests=5&ignore_unavailable=false&expand_wildcards=open&allow_no_indices=true&ignore_throttled=true&search_type=query_then_fetch&batched_reduce_size=512] returned 1 warnings: [299 Elasticsearch-7.14.0-dd5a0a2acaa2045ff9624f3729fc8a6f40835aa1 "Elasticsearch built-in security features are not enabled. Without authentication, your cluster could be accessible to anyone. See https://www.elastic.co/guide/en/elasticsearch/reference/7.14/security-minimal-setup.html to enable security."]
2021-10-28 17:58:27 [http-nio-8888-exec-4] WARN  org.elasticsearch.client.RestClient - request [POST http://localhost:9200/mail_goods/_search?typed_keys=true&max_concurrent_shard_requests=5&ignore_unavailable=false&expand_wildcards=open&allow_no_indices=true&ignore_throttled=true&search_type=query_then_fetch&batched_reduce_size=512] returned 1 warnings: [299 Elasticsearch-7.14.0-dd5a0a2acaa2045ff9624f3729fc8a6f40835aa1 "Elasticsearch built-in security features are not enabled. Without authentication, your cluster could be accessible to anyone. See https://www.elastic.co/guide/en/elasticsearch/reference/7.14/security-minimal-setup.html to enable security."]
2021-10-28 17:58:34 [http-nio-8888-exec-3] WARN  org.elasticsearch.client.RestClient - request [POST http://localhost:9200/mail_goods/_search?typed_keys=true&max_concurrent_shard_requests=5&ignore_unavailable=false&expand_wildcards=open&allow_no_indices=true&ignore_throttled=true&search_type=query_then_fetch&batched_reduce_size=512] returned 1 warnings: [299 Elasticsearch-7.14.0-dd5a0a2acaa2045ff9624f3729fc8a6f40835aa1 "Elasticsearch built-in security features are not enabled. Without authentication, your cluster could be accessible to anyone. See https://www.elastic.co/guide/en/elasticsearch/reference/7.14/security-minimal-setup.html to enable security."]
2021-10-28 17:58:39 [http-nio-8888-exec-2] WARN  org.elasticsearch.client.RestClient - request [POST http://localhost:9200/mail_goods/_search?typed_keys=true&max_concurrent_shard_requests=5&ignore_unavailable=false&expand_wildcards=open&allow_no_indices=true&ignore_throttled=true&search_type=query_then_fetch&batched_reduce_size=512] returned 1 warnings: [299 Elasticsearch-7.14.0-dd5a0a2acaa2045ff9624f3729fc8a6f40835aa1 "Elasticsearch built-in security features are not enabled. Without authentication, your cluster could be accessible to anyone. See https://www.elastic.co/guide/en/elasticsearch/reference/7.14/security-minimal-setup.html to enable security."]
2021-10-28 17:58:43 [http-nio-8888-exec-7] WARN  org.elasticsearch.client.RestClient - request [POST http://localhost:9200/mail_goods/_search?typed_keys=true&max_concurrent_shard_requests=5&ignore_unavailable=false&expand_wildcards=open&allow_no_indices=true&ignore_throttled=true&search_type=query_then_fetch&batched_reduce_size=512] returned 1 warnings: [299 Elasticsearch-7.14.0-dd5a0a2acaa2045ff9624f3729fc8a6f40835aa1 "Elasticsearch built-in security features are not enabled. Without authentication, your cluster could be accessible to anyone. See https://www.elastic.co/guide/en/elasticsearch/reference/7.14/security-minimal-setup.html to enable security."]
2021-10-28 17:58:51 [http-nio-8888-exec-9] WARN  org.elasticsearch.client.RestClient - request [POST http://localhost:9200/mail_goods/_search?typed_keys=true&max_concurrent_shard_requests=5&ignore_unavailable=false&expand_wildcards=open&allow_no_indices=true&ignore_throttled=true&search_type=query_then_fetch&batched_reduce_size=512] returned 1 warnings: [299 Elasticsearch-7.14.0-dd5a0a2acaa2045ff9624f3729fc8a6f40835aa1 "Elasticsearch built-in security features are not enabled. Without authentication, your cluster could be accessible to anyone. See https://www.elastic.co/guide/en/elasticsearch/reference/7.14/security-minimal-setup.html to enable security."]
2021-10-28 18:23:36 [restartedMain] WARN  org.apache.tomcat.util.modeler.Registry - The MBean registry cannot be disabled because it has already been initialised
2021-10-28 18:23:36 [restartedMain] WARN  o.s.b.w.s.c.AnnotationConfigServletWebServerApplicationContext - Exception encountered during context initialization - cancelling refresh attempt: org.springframework.beans.factory.UnsatisfiedDependencyException: Error creating bean with name 'goodsController': Unsatisfied dependency expressed through field 'goodsService'; nested exception is org.springframework.beans.factory.NoSuchBeanDefinitionException: No qualifying bean of type 'com.petty.commdity.service.GoodsService' available: expected at least 1 bean which qualifies as autowire candidate. Dependency annotations: {@org.springframework.beans.factory.annotation.Autowired(required=true)}
2021-10-28 18:23:36 [restartedMain] ERROR o.s.b.diagnostics.LoggingFailureAnalysisReporter - 

***************************
APPLICATION FAILED TO START
***************************

Description:

Field goodsService in com.petty.commdity.controller.GoodsController required a bean of type 'com.petty.commdity.service.GoodsService' that could not be found.

The injection point has the following annotations:
	- @org.springframework.beans.factory.annotation.Autowired(required=true)


Action:

Consider defining a bean of type 'com.petty.commdity.service.GoodsService' in your configuration.

2021-10-28 18:23:38 [restartedMain] WARN  org.apache.tomcat.util.modeler.Registry - The MBean registry cannot be disabled because it has already been initialised
2021-10-28 18:23:40 [restartedMain] WARN  o.s.b.d.autoconfigure.OptionalLiveReloadServer - Unable to start LiveReload server
2021-10-28 18:23:40 [restartedMain] WARN  o.s.b.a.t.ThymeleafAutoConfiguration$DefaultTemplateResolverConfiguration - Cannot find template location: classpath:/templates/ (please add some templates or check your Thymeleaf configuration)
2021-10-28 18:23:46 [I/O dispatcher 25] WARN  org.elasticsearch.client.RestClient - request [GET http://localhost:9200/] returned 1 warnings: [299 Elasticsearch-7.14.0-dd5a0a2acaa2045ff9624f3729fc8a6f40835aa1 "Elasticsearch built-in security features are not enabled. Without authentication, your cluster could be accessible to anyone. See https://www.elastic.co/guide/en/elasticsearch/reference/7.14/security-minimal-setup.html to enable security."]
2021-10-28 18:23:46 [http-nio-8888-exec-1] WARN  org.elasticsearch.client.RestClient - request [POST http://localhost:9200/mail_goods/_search?typed_keys=true&max_concurrent_shard_requests=5&ignore_unavailable=false&expand_wildcards=open&allow_no_indices=true&ignore_throttled=true&search_type=query_then_fetch&batched_reduce_size=512] returned 1 warnings: [299 Elasticsearch-7.14.0-dd5a0a2acaa2045ff9624f3729fc8a6f40835aa1 "Elasticsearch built-in security features are not enabled. Without authentication, your cluster could be accessible to anyone. See https://www.elastic.co/guide/en/elasticsearch/reference/7.14/security-minimal-setup.html to enable security."]
2021-10-28 18:24:02 [http-nio-8888-exec-3] WARN  org.elasticsearch.client.RestClient - request [POST http://localhost:9200/mail_goods/_search?typed_keys=true&max_concurrent_shard_requests=5&ignore_unavailable=false&expand_wildcards=open&allow_no_indices=true&ignore_throttled=true&search_type=query_then_fetch&batched_reduce_size=512] returned 1 warnings: [299 Elasticsearch-7.14.0-dd5a0a2acaa2045ff9624f3729fc8a6f40835aa1 "Elasticsearch built-in security features are not enabled. Without authentication, your cluster could be accessible to anyone. See https://www.elastic.co/guide/en/elasticsearch/reference/7.14/security-minimal-setup.html to enable security."]
